2014/06/10 12:54:51 [error] [php] Undefined variable: systemUserID (/home/ouss/Documents/workspace/vag/VAG_DataCenter/WebInterfaces/VAGDataCenter/protected/components/UserIdentity.php:65)
Stack trace:
#0 /home/ouss/Documents/workspace/vag/VAG_DataCenter/WebInterfaces/VAGDataCenter/protected/controllers/SiteController.php(94): LoginForm->login()
#1 /home/ouss/Documents/workspace/vag/VAG_DataCenter/WebInterfaces/yii/framework/web/actions/CInlineAction.php(49): SiteController->actionLogin()
#2 /home/ouss/Documents/workspace/vag/VAG_DataCenter/WebInterfaces/yii/framework/web/CController.php(308): CInlineAction->runWithParams()
#3 /home/ouss/Documents/workspace/vag/VAG_DataCenter/WebInterfaces/yii/framework/web/CController.php(286): SiteController->runAction()
#4 /home/ouss/Documents/workspace/vag/VAG_DataCenter/WebInterfaces/yii/framework/web/CController.php(265): SiteController->runActionWithFilters()
#5 /home/ouss/Documents/workspace/vag/VAG_DataCenter/WebInterfaces/yii/framework/web/CWebApplication.php(282): SiteController->run()
#6 /home/ouss/Documents/workspace/vag/VAG_DataCenter/WebInterfaces/yii/framework/web/CWebApplication.php(141): CWebApplication->runController()
#7 /home/ouss/Documents/workspace/vag/VAG_DataCenter/WebInterfaces/yii/framework/base/CApplication.php(180): CWebApplication->processRequest()
#8 /home/ouss/Documents/workspace/vag/VAG_DataCenter/WebInterfaces/VAGDataCenter/index.php(13): CWebApplication->run()
REQUEST_URI=/WebInterfaces/VAGDataCenter/index.php?r=site/login
in /home/ouss/Documents/workspace/vag/VAG_DataCenter/WebInterfaces/VAGDataCenter/protected/components/UserIdentity.php (65)
in /home/ouss/Documents/workspace/vag/VAG_DataCenter/WebInterfaces/VAGDataCenter/protected/models/LoginForm.php (71)
in /home/ouss/Documents/workspace/vag/VAG_DataCenter/WebInterfaces/VAGDataCenter/protected/controllers/SiteController.php (94)
2014/06/10 12:55:30 [error] [php] Undefined variable: systemUserID (/home/ouss/Documents/workspace/vag/VAG_DataCenter/WebInterfaces/VAGDataCenter/protected/components/UserIdentity.php:65)
Stack trace:
#0 /home/ouss/Documents/workspace/vag/VAG_DataCenter/WebInterfaces/VAGDataCenter/protected/controllers/SiteController.php(94): LoginForm->login()
#1 /home/ouss/Documents/workspace/vag/VAG_DataCenter/WebInterfaces/yii/framework/web/actions/CInlineAction.php(49): SiteController->actionLogin()
#2 /home/ouss/Documents/workspace/vag/VAG_DataCenter/WebInterfaces/yii/framework/web/CController.php(308): CInlineAction->runWithParams()
#3 /home/ouss/Documents/workspace/vag/VAG_DataCenter/WebInterfaces/yii/framework/web/CController.php(286): SiteController->runAction()
#4 /home/ouss/Documents/workspace/vag/VAG_DataCenter/WebInterfaces/yii/framework/web/CController.php(265): SiteController->runActionWithFilters()
#5 /home/ouss/Documents/workspace/vag/VAG_DataCenter/WebInterfaces/yii/framework/web/CWebApplication.php(282): SiteController->run()
#6 /home/ouss/Documents/workspace/vag/VAG_DataCenter/WebInterfaces/yii/framework/web/CWebApplication.php(141): CWebApplication->runController()
#7 /home/ouss/Documents/workspace/vag/VAG_DataCenter/WebInterfaces/yii/framework/base/CApplication.php(180): CWebApplication->processRequest()
#8 /home/ouss/Documents/workspace/vag/VAG_DataCenter/WebInterfaces/VAGDataCenter/index.php(13): CWebApplication->run()
REQUEST_URI=/WebInterfaces/VAGDataCenter/index.php?r=site/login
in /home/ouss/Documents/workspace/vag/VAG_DataCenter/WebInterfaces/VAGDataCenter/protected/components/UserIdentity.php (65)
in /home/ouss/Documents/workspace/vag/VAG_DataCenter/WebInterfaces/VAGDataCenter/protected/models/LoginForm.php (71)
in /home/ouss/Documents/workspace/vag/VAG_DataCenter/WebInterfaces/VAGDataCenter/protected/controllers/SiteController.php (94)
2014/06/10 12:55:42 [error] [php] Undefined variable: systemUserID (/home/ouss/Documents/workspace/vag/VAG_DataCenter/WebInterfaces/VAGDataCenter/protected/components/UserIdentity.php:65)
Stack trace:
#0 /home/ouss/Documents/workspace/vag/VAG_DataCenter/WebInterfaces/VAGDataCenter/protected/controllers/SiteController.php(94): LoginForm->login()
#1 /home/ouss/Documents/workspace/vag/VAG_DataCenter/WebInterfaces/yii/framework/web/actions/CInlineAction.php(49): SiteController->actionLogin()
#2 /home/ouss/Documents/workspace/vag/VAG_DataCenter/WebInterfaces/yii/framework/web/CController.php(308): CInlineAction->runWithParams()
#3 /home/ouss/Documents/workspace/vag/VAG_DataCenter/WebInterfaces/yii/framework/web/CController.php(286): SiteController->runAction()
#4 /home/ouss/Documents/workspace/vag/VAG_DataCenter/WebInterfaces/yii/framework/web/CController.php(265): SiteController->runActionWithFilters()
#5 /home/ouss/Documents/workspace/vag/VAG_DataCenter/WebInterfaces/yii/framework/web/CWebApplication.php(282): SiteController->run()
#6 /home/ouss/Documents/workspace/vag/VAG_DataCenter/WebInterfaces/yii/framework/web/CWebApplication.php(141): CWebApplication->runController()
#7 /home/ouss/Documents/workspace/vag/VAG_DataCenter/WebInterfaces/yii/framework/base/CApplication.php(180): CWebApplication->processRequest()
#8 /home/ouss/Documents/workspace/vag/VAG_DataCenter/WebInterfaces/VAGDataCenter/index.php(13): CWebApplication->run()
REQUEST_URI=/WebInterfaces/VAGDataCenter/index.php?r=site/login
in /home/ouss/Documents/workspace/vag/VAG_DataCenter/WebInterfaces/VAGDataCenter/protected/components/UserIdentity.php (65)
in /home/ouss/Documents/workspace/vag/VAG_DataCenter/WebInterfaces/VAGDataCenter/protected/models/LoginForm.php (71)
in /home/ouss/Documents/workspace/vag/VAG_DataCenter/WebInterfaces/VAGDataCenter/protected/controllers/SiteController.php (94)
2014/06/10 12:56:11 [error] [php] Undefined variable: systemUserID (/home/ouss/Documents/workspace/vag/VAG_DataCenter/WebInterfaces/VAGDataCenter/protected/components/UserIdentity.php:66)
Stack trace:
#0 /home/ouss/Documents/workspace/vag/VAG_DataCenter/WebInterfaces/VAGDataCenter/protected/controllers/SiteController.php(94): LoginForm->login()
#1 /home/ouss/Documents/workspace/vag/VAG_DataCenter/WebInterfaces/yii/framework/web/actions/CInlineAction.php(49): SiteController->actionLogin()
#2 /home/ouss/Documents/workspace/vag/VAG_DataCenter/WebInterfaces/yii/framework/web/CController.php(308): CInlineAction->runWithParams()
#3 /home/ouss/Documents/workspace/vag/VAG_DataCenter/WebInterfaces/yii/framework/web/CController.php(286): SiteController->runAction()
#4 /home/ouss/Documents/workspace/vag/VAG_DataCenter/WebInterfaces/yii/framework/web/CController.php(265): SiteController->runActionWithFilters()
#5 /home/ouss/Documents/workspace/vag/VAG_DataCenter/WebInterfaces/yii/framework/web/CWebApplication.php(282): SiteController->run()
#6 /home/ouss/Documents/workspace/vag/VAG_DataCenter/WebInterfaces/yii/framework/web/CWebApplication.php(141): CWebApplication->runController()
#7 /home/ouss/Documents/workspace/vag/VAG_DataCenter/WebInterfaces/yii/framework/base/CApplication.php(180): CWebApplication->processRequest()
#8 /home/ouss/Documents/workspace/vag/VAG_DataCenter/WebInterfaces/VAGDataCenter/index.php(13): CWebApplication->run()
REQUEST_URI=/WebInterfaces/VAGDataCenter/index.php?r=site/login
in /home/ouss/Documents/workspace/vag/VAG_DataCenter/WebInterfaces/VAGDataCenter/protected/components/UserIdentity.php (66)
in /home/ouss/Documents/workspace/vag/VAG_DataCenter/WebInterfaces/VAGDataCenter/protected/models/LoginForm.php (71)
in /home/ouss/Documents/workspace/vag/VAG_DataCenter/WebInterfaces/VAGDataCenter/protected/controllers/SiteController.php (94)
2014/06/10 13:07:22 [error] [exception.CException] exception 'CException' with message 'Property "SystemUsers.birthdate" is not defined.' in /home/ouss/Documents/workspace/vag/VAG_DataCenter/WebInterfaces/yii/framework/base/CComponent.php:130
Stack trace:
#0 /home/ouss/Documents/workspace/vag/VAG_DataCenter/WebInterfaces/yii/framework/db/ar/CActiveRecord.php(145): CComponent->__get('birthdate')
#1 /home/ouss/Documents/workspace/vag/VAG_DataCenter/WebInterfaces/yii/framework/validators/CDateValidator.php(51): CActiveRecord->__get('birthdate')
#2 /home/ouss/Documents/workspace/vag/VAG_DataCenter/WebInterfaces/yii/framework/validators/CValidator.php(213): CDateValidator->validateAttribute(Object(SystemUsers), 'birthdate')
#3 /home/ouss/Documents/workspace/vag/VAG_DataCenter/WebInterfaces/yii/framework/base/CModel.php(159): CValidator->validate(Object(SystemUsers), NULL)
#4 /home/ouss/Documents/workspace/vag/VAG_DataCenter/WebInterfaces/yii/framework/db/ar/CActiveRecord.php(805): CModel->validate(NULL)
#5 /home/ouss/Documents/workspace/vag/VAG_DataCenter/WebInterfaces/VAGDataCenter/protected/controllers/SystemUsersController.php(76): CActiveRecord->save()
#6 /home/ouss/Documents/workspace/vag/VAG_DataCenter/WebInterfaces/yii/framework/web/actions/CInlineAction.php(49): SystemUsersController->actionCreate()
#7 /home/ouss/Documents/workspace/vag/VAG_DataCenter/WebInterfaces/yii/framework/web/CController.php(308): CInlineAction->runWithParams(Array)
#8 /home/ouss/Documents/workspace/vag/VAG_DataCenter/WebInterfaces/yii/framework/web/filters/CFilterChain.php(133): CController->runAction(Object(CInlineAction))
#9 /home/ouss/Documents/workspace/vag/VAG_DataCenter/WebInterfaces/yii/framework/web/filters/CFilter.php(40): CFilterChain->run()
#10 /home/ouss/Documents/workspace/vag/VAG_DataCenter/WebInterfaces/yii/framework/web/CController.php(1145): CFilter->filter(Object(CFilterChain))
#11 /home/ouss/Documents/workspace/vag/VAG_DataCenter/WebInterfaces/yii/framework/web/filters/CInlineFilter.php(58): CController->filterAccessControl(Object(CFilterChain))
#12 /home/ouss/Documents/workspace/vag/VAG_DataCenter/WebInterfaces/yii/framework/web/filters/CFilterChain.php(130): CInlineFilter->filter(Object(CFilterChain))
#13 /home/ouss/Documents/workspace/vag/VAG_DataCenter/WebInterfaces/yii/framework/web/CController.php(291): CFilterChain->run()
#14 /home/ouss/Documents/workspace/vag/VAG_DataCenter/WebInterfaces/yii/framework/web/CController.php(265): CController->runActionWithFilters(Object(CInlineAction), Array)
#15 /home/ouss/Documents/workspace/vag/VAG_DataCenter/WebInterfaces/yii/framework/web/CWebApplication.php(282): CController->run('create')
#16 /home/ouss/Documents/workspace/vag/VAG_DataCenter/WebInterfaces/yii/framework/web/CWebApplication.php(141): CWebApplication->runController('systemUsers/cre...')
#17 /home/ouss/Documents/workspace/vag/VAG_DataCenter/WebInterfaces/yii/framework/base/CApplication.php(180): CWebApplication->processRequest()
#18 /home/ouss/Documents/workspace/vag/VAG_DataCenter/WebInterfaces/VAGDataCenter/index.php(13): CApplication->run()
#19 {main}
REQUEST_URI=/WebInterfaces/VAGDataCenter/index.php?r=systemUsers/create
HTTP_REFERER=http://localhost/WebInterfaces/VAGDataCenter/index.php?r=systemUsers/create
---
2014/06/10 13:08:01 [error] [exception.CException] exception 'CException' with message 'Property "SystemUsers.birthdate" is not defined.' in /home/ouss/Documents/workspace/vag/VAG_DataCenter/WebInterfaces/yii/framework/base/CComponent.php:130
Stack trace:
#0 /home/ouss/Documents/workspace/vag/VAG_DataCenter/WebInterfaces/yii/framework/db/ar/CActiveRecord.php(145): CComponent->__get('birthdate')
#1 /home/ouss/Documents/workspace/vag/VAG_DataCenter/WebInterfaces/yii/framework/validators/CDateValidator.php(51): CActiveRecord->__get('birthdate')
#2 /home/ouss/Documents/workspace/vag/VAG_DataCenter/WebInterfaces/yii/framework/validators/CValidator.php(213): CDateValidator->validateAttribute(Object(SystemUsers), 'birthdate')
#3 /home/ouss/Documents/workspace/vag/VAG_DataCenter/WebInterfaces/yii/framework/base/CModel.php(159): CValidator->validate(Object(SystemUsers), NULL)
#4 /home/ouss/Documents/workspace/vag/VAG_DataCenter/WebInterfaces/yii/framework/db/ar/CActiveRecord.php(805): CModel->validate(NULL)
#5 /home/ouss/Documents/workspace/vag/VAG_DataCenter/WebInterfaces/VAGDataCenter/protected/controllers/SystemUsersController.php(76): CActiveRecord->save()
#6 /home/ouss/Documents/workspace/vag/VAG_DataCenter/WebInterfaces/yii/framework/web/actions/CInlineAction.php(49): SystemUsersController->actionCreate()
#7 /home/ouss/Documents/workspace/vag/VAG_DataCenter/WebInterfaces/yii/framework/web/CController.php(308): CInlineAction->runWithParams(Array)
#8 /home/ouss/Documents/workspace/vag/VAG_DataCenter/WebInterfaces/yii/framework/web/filters/CFilterChain.php(133): CController->runAction(Object(CInlineAction))
#9 /home/ouss/Documents/workspace/vag/VAG_DataCenter/WebInterfaces/yii/framework/web/filters/CFilter.php(40): CFilterChain->run()
#10 /home/ouss/Documents/workspace/vag/VAG_DataCenter/WebInterfaces/yii/framework/web/CController.php(1145): CFilter->filter(Object(CFilterChain))
#11 /home/ouss/Documents/workspace/vag/VAG_DataCenter/WebInterfaces/yii/framework/web/filters/CInlineFilter.php(58): CController->filterAccessControl(Object(CFilterChain))
#12 /home/ouss/Documents/workspace/vag/VAG_DataCenter/WebInterfaces/yii/framework/web/filters/CFilterChain.php(130): CInlineFilter->filter(Object(CFilterChain))
#13 /home/ouss/Documents/workspace/vag/VAG_DataCenter/WebInterfaces/yii/framework/web/CController.php(291): CFilterChain->run()
#14 /home/ouss/Documents/workspace/vag/VAG_DataCenter/WebInterfaces/yii/framework/web/CController.php(265): CController->runActionWithFilters(Object(CInlineAction), Array)
#15 /home/ouss/Documents/workspace/vag/VAG_DataCenter/WebInterfaces/yii/framework/web/CWebApplication.php(282): CController->run('create')
#16 /home/ouss/Documents/workspace/vag/VAG_DataCenter/WebInterfaces/yii/framework/web/CWebApplication.php(141): CWebApplication->runController('systemUsers/cre...')
#17 /home/ouss/Documents/workspace/vag/VAG_DataCenter/WebInterfaces/yii/framework/base/CApplication.php(180): CWebApplication->processRequest()
#18 /home/ouss/Documents/workspace/vag/VAG_DataCenter/WebInterfaces/VAGDataCenter/index.php(13): CApplication->run()
#19 {main}
REQUEST_URI=/WebInterfaces/VAGDataCenter/index.php?r=systemUsers/create
HTTP_REFERER=http://localhost/WebInterfaces/VAGDataCenter/index.php?r=systemUsers/create
---
2014/06/10 13:12:49 [error] [php] Undefined variable: systemUserID (/home/ouss/Documents/workspace/vag/VAG_DataCenter/WebInterfaces/VAGDataCenter/protected/components/UserIdentity.php:47)
Stack trace:
#0 /home/ouss/Documents/workspace/vag/VAG_DataCenter/WebInterfaces/yii/framework/validators/CValidator.php(213): CInlineValidator->validateAttribute()
#1 /home/ouss/Documents/workspace/vag/VAG_DataCenter/WebInterfaces/yii/framework/base/CModel.php(159): CInlineValidator->validate()
#2 /home/ouss/Documents/workspace/vag/VAG_DataCenter/WebInterfaces/VAGDataCenter/protected/controllers/SiteController.php(94): LoginForm->validate()
#3 /home/ouss/Documents/workspace/vag/VAG_DataCenter/WebInterfaces/yii/framework/web/actions/CInlineAction.php(49): SiteController->actionLogin()
#4 /home/ouss/Documents/workspace/vag/VAG_DataCenter/WebInterfaces/yii/framework/web/CController.php(308): CInlineAction->runWithParams()
#5 /home/ouss/Documents/workspace/vag/VAG_DataCenter/WebInterfaces/yii/framework/web/CController.php(286): SiteController->runAction()
#6 /home/ouss/Documents/workspace/vag/VAG_DataCenter/WebInterfaces/yii/framework/web/CController.php(265): SiteController->runActionWithFilters()
#7 /home/ouss/Documents/workspace/vag/VAG_DataCenter/WebInterfaces/yii/framework/web/CWebApplication.php(282): SiteController->run()
#8 /home/ouss/Documents/workspace/vag/VAG_DataCenter/WebInterfaces/yii/framework/web/CWebApplication.php(141): CWebApplication->runController()
#9 /home/ouss/Documents/workspace/vag/VAG_DataCenter/WebInterfaces/yii/framework/base/CApplication.php(180): CWebApplication->processRequest()
#10 /home/ouss/Documents/workspace/vag/VAG_DataCenter/WebInterfaces/VAGDataCenter/index.php(13): CWebApplication->run()
REQUEST_URI=/WebInterfaces/VAGDataCenter/index.php?r=site/login
in /home/ouss/Documents/workspace/vag/VAG_DataCenter/WebInterfaces/VAGDataCenter/protected/components/UserIdentity.php (47)
in /home/ouss/Documents/workspace/vag/VAG_DataCenter/WebInterfaces/VAGDataCenter/protected/models/LoginForm.php (52)
in /home/ouss/Documents/workspace/vag/VAG_DataCenter/WebInterfaces/VAGDataCenter/protected/controllers/SiteController.php (94)
2014/06/10 13:12:58 [error] [php] Undefined variable: systemUserID (/home/ouss/Documents/workspace/vag/VAG_DataCenter/WebInterfaces/VAGDataCenter/protected/components/UserIdentity.php:47)
Stack trace:
#0 /home/ouss/Documents/workspace/vag/VAG_DataCenter/WebInterfaces/yii/framework/validators/CValidator.php(213): CInlineValidator->validateAttribute()
#1 /home/ouss/Documents/workspace/vag/VAG_DataCenter/WebInterfaces/yii/framework/base/CModel.php(159): CInlineValidator->validate()
#2 /home/ouss/Documents/workspace/vag/VAG_DataCenter/WebInterfaces/VAGDataCenter/protected/controllers/SiteController.php(94): LoginForm->validate()
#3 /home/ouss/Documents/workspace/vag/VAG_DataCenter/WebInterfaces/yii/framework/web/actions/CInlineAction.php(49): SiteController->actionLogin()
#4 /home/ouss/Documents/workspace/vag/VAG_DataCenter/WebInterfaces/yii/framework/web/CController.php(308): CInlineAction->runWithParams()
#5 /home/ouss/Documents/workspace/vag/VAG_DataCenter/WebInterfaces/yii/framework/web/CController.php(286): SiteController->runAction()
#6 /home/ouss/Documents/workspace/vag/VAG_DataCenter/WebInterfaces/yii/framework/web/CController.php(265): SiteController->runActionWithFilters()
#7 /home/ouss/Documents/workspace/vag/VAG_DataCenter/WebInterfaces/yii/framework/web/CWebApplication.php(282): SiteController->run()
#8 /home/ouss/Documents/workspace/vag/VAG_DataCenter/WebInterfaces/yii/framework/web/CWebApplication.php(141): CWebApplication->runController()
#9 /home/ouss/Documents/workspace/vag/VAG_DataCenter/WebInterfaces/yii/framework/base/CApplication.php(180): CWebApplication->processRequest()
#10 /home/ouss/Documents/workspace/vag/VAG_DataCenter/WebInterfaces/VAGDataCenter/index.php(13): CWebApplication->run()
REQUEST_URI=/WebInterfaces/VAGDataCenter/index.php?r=site/login
in /home/ouss/Documents/workspace/vag/VAG_DataCenter/WebInterfaces/VAGDataCenter/protected/components/UserIdentity.php (47)
in /home/ouss/Documents/workspace/vag/VAG_DataCenter/WebInterfaces/VAGDataCenter/protected/models/LoginForm.php (52)
in /home/ouss/Documents/workspace/vag/VAG_DataCenter/WebInterfaces/VAGDataCenter/protected/controllers/SiteController.php (94)
2014/06/10 13:13:05 [error] [php] Undefined variable: systemUserID (/home/ouss/Documents/workspace/vag/VAG_DataCenter/WebInterfaces/VAGDataCenter/protected/components/UserIdentity.php:47)
Stack trace:
#0 /home/ouss/Documents/workspace/vag/VAG_DataCenter/WebInterfaces/yii/framework/validators/CValidator.php(213): CInlineValidator->validateAttribute()
#1 /home/ouss/Documents/workspace/vag/VAG_DataCenter/WebInterfaces/yii/framework/base/CModel.php(159): CInlineValidator->validate()
#2 /home/ouss/Documents/workspace/vag/VAG_DataCenter/WebInterfaces/VAGDataCenter/protected/controllers/SiteController.php(94): LoginForm->validate()
#3 /home/ouss/Documents/workspace/vag/VAG_DataCenter/WebInterfaces/yii/framework/web/actions/CInlineAction.php(49): SiteController->actionLogin()
#4 /home/ouss/Documents/workspace/vag/VAG_DataCenter/WebInterfaces/yii/framework/web/CController.php(308): CInlineAction->runWithParams()
#5 /home/ouss/Documents/workspace/vag/VAG_DataCenter/WebInterfaces/yii/framework/web/CController.php(286): SiteController->runAction()
#6 /home/ouss/Documents/workspace/vag/VAG_DataCenter/WebInterfaces/yii/framework/web/CController.php(265): SiteController->runActionWithFilters()
#7 /home/ouss/Documents/workspace/vag/VAG_DataCenter/WebInterfaces/yii/framework/web/CWebApplication.php(282): SiteController->run()
#8 /home/ouss/Documents/workspace/vag/VAG_DataCenter/WebInterfaces/yii/framework/web/CWebApplication.php(141): CWebApplication->runController()
#9 /home/ouss/Documents/workspace/vag/VAG_DataCenter/WebInterfaces/yii/framework/base/CApplication.php(180): CWebApplication->processRequest()
#10 /home/ouss/Documents/workspace/vag/VAG_DataCenter/WebInterfaces/VAGDataCenter/index.php(13): CWebApplication->run()
REQUEST_URI=/WebInterfaces/VAGDataCenter/index.php?r=site/login
in /home/ouss/Documents/workspace/vag/VAG_DataCenter/WebInterfaces/VAGDataCenter/protected/components/UserIdentity.php (47)
in /home/ouss/Documents/workspace/vag/VAG_DataCenter/WebInterfaces/VAGDataCenter/protected/models/LoginForm.php (52)
in /home/ouss/Documents/workspace/vag/VAG_DataCenter/WebInterfaces/VAGDataCenter/protected/controllers/SiteController.php (94)
2014/06/10 13:13:28 [error] [php] Undefined variable: systemUserID (/home/ouss/Documents/workspace/vag/VAG_DataCenter/WebInterfaces/VAGDataCenter/protected/components/UserIdentity.php:47)
Stack trace:
#0 /home/ouss/Documents/workspace/vag/VAG_DataCenter/WebInterfaces/yii/framework/validators/CValidator.php(213): CInlineValidator->validateAttribute()
#1 /home/ouss/Documents/workspace/vag/VAG_DataCenter/WebInterfaces/yii/framework/base/CModel.php(159): CInlineValidator->validate()
#2 /home/ouss/Documents/workspace/vag/VAG_DataCenter/WebInterfaces/VAGDataCenter/protected/controllers/SiteController.php(94): LoginForm->validate()
#3 /home/ouss/Documents/workspace/vag/VAG_DataCenter/WebInterfaces/yii/framework/web/actions/CInlineAction.php(49): SiteController->actionLogin()
#4 /home/ouss/Documents/workspace/vag/VAG_DataCenter/WebInterfaces/yii/framework/web/CController.php(308): CInlineAction->runWithParams()
#5 /home/ouss/Documents/workspace/vag/VAG_DataCenter/WebInterfaces/yii/framework/web/CController.php(286): SiteController->runAction()
#6 /home/ouss/Documents/workspace/vag/VAG_DataCenter/WebInterfaces/yii/framework/web/CController.php(265): SiteController->runActionWithFilters()
#7 /home/ouss/Documents/workspace/vag/VAG_DataCenter/WebInterfaces/yii/framework/web/CWebApplication.php(282): SiteController->run()
#8 /home/ouss/Documents/workspace/vag/VAG_DataCenter/WebInterfaces/yii/framework/web/CWebApplication.php(141): CWebApplication->runController()
#9 /home/ouss/Documents/workspace/vag/VAG_DataCenter/WebInterfaces/yii/framework/base/CApplication.php(180): CWebApplication->processRequest()
#10 /home/ouss/Documents/workspace/vag/VAG_DataCenter/WebInterfaces/VAGDataCenter/index.php(13): CWebApplication->run()
REQUEST_URI=/WebInterfaces/VAGDataCenter/index.php?r=site/login
in /home/ouss/Documents/workspace/vag/VAG_DataCenter/WebInterfaces/VAGDataCenter/protected/components/UserIdentity.php (47)
in /home/ouss/Documents/workspace/vag/VAG_DataCenter/WebInterfaces/VAGDataCenter/protected/models/LoginForm.php (52)
in /home/ouss/Documents/workspace/vag/VAG_DataCenter/WebInterfaces/VAGDataCenter/protected/controllers/SiteController.php (94)
2014/06/10 13:13:32 [error] [php] Undefined variable: systemUserID (/home/ouss/Documents/workspace/vag/VAG_DataCenter/WebInterfaces/VAGDataCenter/protected/components/UserIdentity.php:47)
Stack trace:
#0 /home/ouss/Documents/workspace/vag/VAG_DataCenter/WebInterfaces/yii/framework/validators/CValidator.php(213): CInlineValidator->validateAttribute()
#1 /home/ouss/Documents/workspace/vag/VAG_DataCenter/WebInterfaces/yii/framework/base/CModel.php(159): CInlineValidator->validate()
#2 /home/ouss/Documents/workspace/vag/VAG_DataCenter/WebInterfaces/VAGDataCenter/protected/controllers/SiteController.php(94): LoginForm->validate()
#3 /home/ouss/Documents/workspace/vag/VAG_DataCenter/WebInterfaces/yii/framework/web/actions/CInlineAction.php(49): SiteController->actionLogin()
#4 /home/ouss/Documents/workspace/vag/VAG_DataCenter/WebInterfaces/yii/framework/web/CController.php(308): CInlineAction->runWithParams()
#5 /home/ouss/Documents/workspace/vag/VAG_DataCenter/WebInterfaces/yii/framework/web/CController.php(286): SiteController->runAction()
#6 /home/ouss/Documents/workspace/vag/VAG_DataCenter/WebInterfaces/yii/framework/web/CController.php(265): SiteController->runActionWithFilters()
#7 /home/ouss/Documents/workspace/vag/VAG_DataCenter/WebInterfaces/yii/framework/web/CWebApplication.php(282): SiteController->run()
#8 /home/ouss/Documents/workspace/vag/VAG_DataCenter/WebInterfaces/yii/framework/web/CWebApplication.php(141): CWebApplication->runController()
#9 /home/ouss/Documents/workspace/vag/VAG_DataCenter/WebInterfaces/yii/framework/base/CApplication.php(180): CWebApplication->processRequest()
#10 /home/ouss/Documents/workspace/vag/VAG_DataCenter/WebInterfaces/VAGDataCenter/index.php(13): CWebApplication->run()
REQUEST_URI=/WebInterfaces/VAGDataCenter/index.php?r=site/login
in /home/ouss/Documents/workspace/vag/VAG_DataCenter/WebInterfaces/VAGDataCenter/protected/components/UserIdentity.php (47)
in /home/ouss/Documents/workspace/vag/VAG_DataCenter/WebInterfaces/VAGDataCenter/protected/models/LoginForm.php (52)
in /home/ouss/Documents/workspace/vag/VAG_DataCenter/WebInterfaces/VAGDataCenter/protected/controllers/SiteController.php (94)
2014/06/10 13:16:33 [error] [exception.CHttpException.404] exception 'CHttpException' with message 'The requested page does not exist.' in /home/ouss/Documents/workspace/vag/VAG_DataCenter/WebInterfaces/VAGDataCenter/protected/controllers/PatientsSecretController.php:200
Stack trace:
#0 /home/ouss/Documents/workspace/vag/VAG_DataCenter/WebInterfaces/VAGDataCenter/protected/controllers/PatientsSecretController.php(57): PatientsSecretController->loadModel('')
#1 [internal function]: PatientsSecretController->actionView('')
#2 /home/ouss/Documents/workspace/vag/VAG_DataCenter/WebInterfaces/yii/framework/web/actions/CAction.php(108): ReflectionMethod->invokeArgs(Object(PatientsSecretController), Array)
#3 /home/ouss/Documents/workspace/vag/VAG_DataCenter/WebInterfaces/yii/framework/web/actions/CInlineAction.php(47): CAction->runWithParamsInternal(Object(PatientsSecretController), Object(ReflectionMethod), Array)
#4 /home/ouss/Documents/workspace/vag/VAG_DataCenter/WebInterfaces/yii/framework/web/CController.php(308): CInlineAction->runWithParams(Array)
#5 /home/ouss/Documents/workspace/vag/VAG_DataCenter/WebInterfaces/yii/framework/web/filters/CFilterChain.php(133): CController->runAction(Object(CInlineAction))
#6 /home/ouss/Documents/workspace/vag/VAG_DataCenter/WebInterfaces/yii/framework/web/filters/CFilter.php(40): CFilterChain->run()
#7 /home/ouss/Documents/workspace/vag/VAG_DataCenter/WebInterfaces/yii/framework/web/CController.php(1145): CFilter->filter(Object(CFilterChain))
#8 /home/ouss/Documents/workspace/vag/VAG_DataCenter/WebInterfaces/yii/framework/web/filters/CInlineFilter.php(58): CController->filterAccessControl(Object(CFilterChain))
#9 /home/ouss/Documents/workspace/vag/VAG_DataCenter/WebInterfaces/yii/framework/web/filters/CFilterChain.php(130): CInlineFilter->filter(Object(CFilterChain))
#10 /home/ouss/Documents/workspace/vag/VAG_DataCenter/WebInterfaces/yii/framework/web/CController.php(291): CFilterChain->run()
#11 /home/ouss/Documents/workspace/vag/VAG_DataCenter/WebInterfaces/yii/framework/web/CController.php(265): CController->runActionWithFilters(Object(CInlineAction), Array)
#12 /home/ouss/Documents/workspace/vag/VAG_DataCenter/WebInterfaces/yii/framework/web/CWebApplication.php(282): CController->run('view')
#13 /home/ouss/Documents/workspace/vag/VAG_DataCenter/WebInterfaces/yii/framework/web/CWebApplication.php(141): CWebApplication->runController('patientsSecret/...')
#14 /home/ouss/Documents/workspace/vag/VAG_DataCenter/WebInterfaces/yii/framework/base/CApplication.php(180): CWebApplication->processRequest()
#15 /home/ouss/Documents/workspace/vag/VAG_DataCenter/WebInterfaces/VAGDataCenter/index.php(13): CApplication->run()
#16 {main}
REQUEST_URI=/WebInterfaces/VAGDataCenter/index.php?r=patientsSecret/view&id=
HTTP_REFERER=http://138.246.171.73/WebInterfaces/VAGDataCenter/index.php?r=patientsSecret/create
---
